app/build/outputs/logs/manifest-merger-debug-report.txt
-- Merging decision tree log ---
manifest
ADDED from src\main\AndroidManifest.xml:2:1-86:12
	package
		ADDED from src\main\AndroidManifest.xml:3:5-43
		INJECTED from src\main\AndroidManifest.xml
		INJECTED from src\main\AndroidManifest.xml
	android:versionName
		ADDED from src\main\AndroidManifest.xml:5:5-30
		INJECTED from src\main\AndroidManifest.xml
		INJECTED from src\main\AndroidManifest.xml
	android:versionCode
		ADDED from src\main\AndroidManifest.xml:4:5-28
		INJECTED from src\main\AndroidManifest.xml
		INJECTED from src\main\AndroidManifest.xml
	xmlns:android
		ADDED from src\main\AndroidManifest.xml:2:11-69
uses-sdk
ADDED from src\main\AndroidManifest.xml:8:5-10:41
	android:targetSdkVersion
		ADDED from src\main\AndroidManifest.xml:10:9-38
		INJECTED from src\main\AndroidManifest.xml
		INJECTED from src\main\AndroidManifest.xml
	android:minSdkVersion
		ADDED from src\main\AndroidManifest.xml:9:9-34
		INJECTED from src\main\AndroidManifest.xml
		INJECTED from src\main\AndroidManifest.xml
uses-permission#android.permission.ACCESS_FINE_LOCATION
ADDED from src\main\AndroidManifest.xml:14:5-79
	android:name
		ADDED from src\main\AndroidManifest.xml:14:22-76
uses-permission#android.permission.ACCESS_COARSE_LOCATION
ADDED from src\main\AndroidManifest.xml:16:5-81
	android:name
		ADDED from src\main\AndroidManifest.xml:16:22-78
uses-permission#android.permission.INTERNET
ADDED from src\main\AndroidManifest.xml:18:5-67
	android:name
		ADDED from src\main\AndroidManifest.xml:18:22-64
uses-permission#android.permission.ACCESS_WIFI_STATE
ADDED from src\main\AndroidManifest.xml:20:5-76
	android:name
		ADDED from src\main\AndroidManifest.xml:20:22-73
uses-permission#android.permission.CHANGE_WIFI_STATE
ADDED from src\main\AndroidManifest.xml:22:5-76
	android:name
		ADDED from src\main\AndroidManifest.xml:22:22-73
uses-permission#android.permission.ACCESS_NETWORK_STATE
ADDED from src\main\AndroidManifest.xml:24:5-79
	android:name
		ADDED from src\main\AndroidManifest.xml:24:22-76
uses-permission#android.permission.CHANGE_NETWORK_STATE
ADDED from src\main\AndroidManifest.xml:26:5-79
	android:name
		ADDED from src\main\AndroidManifest.xml:26:22-76
uses-permission#android.permission.READ_PHONE_STATE
ADDED from src\main\AndroidManifest.xml:28:5-75
	android:name
		ADDED from src\main\AndroidManifest.xml:28:22-72
uses-permission#android.permission.WAKE_LOCK
ADDED from src\main\AndroidManifest.xml:33:5-68
	android:name
		ADDED from src\main\AndroidManifest.xml:33:22-65
uses-permission#android.permission.READ_PHONE_SINTERNETWIFI_STATE
ADDED from src\main\AndroidManifest.xml:34:5-89
	android:name
		ADDED from src\main\AndroidManifest.xml:34:22-86
uses-permission#android.permission.CALL_PHONE
ADDED from src\main\AndroidManifest.xml:35:5-69
	android:name
		ADDED from src\main\AndroidManifest.xml:35:22-66
uses-permission#android.permission.WRITE_EXTERNAL_STORAGE
ADDED from src\main\AndroidManifest.xml:39:5-81
	android:name
		ADDED from src\main\AndroidManifest.xml:39:22-78
uses-permission#android.permission.VIBRATE
ADDED from src\main\AndroidManifest.xml:41:5-66
	android:name
		ADDED from src\main\AndroidManifest.xml:41:22-63
application
ADDED from src\main\AndroidManifest.xml:43:5-84:19
	android:label
		ADDED from src\main\AndroidManifest.xml:47:9-41
	android:allowBackup
		ADDED from src\main\AndroidManifest.xml:45:9-35
	android:icon
		ADDED from src\main\AndroidManifest.xml:46:9-45
	android:theme
		ADDED from src\main\AndroidManifest.xml:48:9-40
	android:name
		ADDED from src\main\AndroidManifest.xml:44:9-74
activity#com.tencent.example.location.DemoListActivity
ADDED from src\main\AndroidManifest.xml:49:9-57:20
	android:label
		ADDED from src\main\AndroidManifest.xml:51:13-45
	android:name
		ADDED from src\main\AndroidManifest.xml:50:13-73
intent-filter#android.intent.action.MAIN+android.intent.category.LAUNCHER
ADDED from src\main\AndroidManifest.xml:52:13-56:29
action#android.intent.action.MAIN
ADDED from src\main\AndroidManifest.xml:53:17-69
	android:name
		ADDED from src\main\AndroidManifest.xml:53:25-66
category#android.intent.category.LAUNCHER
ADDED from src\main\AndroidManifest.xml:55:17-77
	android:name
		ADDED from src\main\AndroidManifest.xml:55:27-74
activity#com.tencent.example.location.SdkInfoActivity
ADDED from src\main\AndroidManifest.xml:58:9-81
	android:name
		ADDED from src\main\AndroidManifest.xml:58:19-78
activity#com.tencent.example.location.DemoStatusActivity
ADDED from src\main\AndroidManifest.xml:59:9-84
	android:name
		ADDED from src\main\AndroidManifest.xml:59:19-81
activity#com.tencent.example.location.DemoGpsActivity
ADDED from src\main\AndroidManifest.xml:60:9-81
	android:name
		ADDED from src\main\AndroidManifest.xml:60:19-78
activity#com.tencent.example.location.DemoIntervalActivity
ADDED from src\main\AndroidManifest.xml:61:9-86
	android:name
		ADDED from src\main\AndroidManifest.xml:61:19-83
activity#com.tencent.example.location.DemoLevelActivity
ADDED from src\main\AndroidManifest.xml:62:9-83
	android:name
		ADDED from src\main\AndroidManifest.xml:62:19-80
activity#com.tencent.example.location.DemoThreadActivity
ADDED from src\main\AndroidManifest.xml:63:9-84
	android:name
		ADDED from src\main\AndroidManifest.xml:63:19-81
activity#com.tencent.example.location.DemoThreadActivity2
ADDED from src\main\AndroidManifest.xml:64:9-85
	android:name
		ADDED from src\main\AndroidManifest.xml:64:19-82
activity#com.tencent.example.location.DemoMapActivity
ADDED from src\main\AndroidManifest.xml:65:9-81
	android:name
		ADDED from src\main\AndroidManifest.xml:65:19-78
activity#com.tencent.example.location.DemoRawdataActivity
ADDED from src\main\AndroidManifest.xml:66:9-85
	android:name
		ADDED from src\main\AndroidManifest.xml:66:19-82
activity#com.tencent.example.location.DemoWgs84Activity
ADDED from src\main\AndroidManifest.xml:67:9-83
	android:name
		ADDED from src\main\AndroidManifest.xml:67:19-80
activity#com.tencent.example.location.DemoCustHttpActivity
ADDED from src\main\AndroidManifest.xml:68:9-86
	android:name
		ADDED from src\main\AndroidManifest.xml:68:19-83
activity#com.tencent.example.location.fence.DemoGeofenceEditorActivty
ADDED from src\main\AndroidManifest.xml:71:9-97
	android:name
		ADDED from src\main\AndroidManifest.xml:71:19-94
activity#com.tencent.example.location.fence.DemoGeofenceEventActivity
ADDED from src\main\AndroidManifest.xml:72:9-97
	android:name
		ADDED from src\main\AndroidManifest.xml:72:19-94
receiver#com.tencent.example.location.fence.DemoGeofenceEventReceiver
ADDED from src\main\AndroidManifest.xml:73:9-77:20
	android:exported
		ADDED from src\main\AndroidManifest.xml:73:95-119
	android:name
		ADDED from src\main\AndroidManifest.xml:73:19-94
intent-filter#com.tencent.map.geolocation.xxx
ADDED from src\main\AndroidManifest.xml:74:13-76:29
action#com.tencent.map.geolocation.xxx
ADDED from src\main\AndroidManifest.xml:75:17-73
	android:name
		ADDED from src\main\AndroidManifest.xml:75:25-71
service#com.tencent.example.location.fence.DemoGeofenceService
ADDED from src\main\AndroidManifest.xml:78:9-90
	android:name
		ADDED from src\main\AndroidManifest.xml:78:18-87
meta-data#TencentMapSDK
ADDED from src\main\AndroidManifest.xml:81:9-83:67
	android:value
		ADDED from src\main\AndroidManifest.xml:83:13-64
	android:name
		ADDED from src\main\AndroidManifest.xml:82:13-41